Adding [systemProperties] PropertySource with lowest search precedence
Adding [systemEnvironment] PropertySource with lowest search precedence
Initialized StandardEnvironment with PropertySources [systemProperties,systemEnvironment]
Mapped "{[/api/room],methods=[POST]}" onto public org.springframework.http.ResponseEntity<com.ucrisko.libroomreserve.rest.resources.RoomResource> com.ucrisko.libroomreserve.rest.controllers.RoomController.addRoom(com.ucrisko.libroomreserve.rest.resources.RoomResource)
Mapped "{[/api/room],methods=[GET]}" onto public org.springframework.http.ResponseEntity<com.ucrisko.libroomreserve.rest.resources.RoomListResource> com.ucrisko.libroomreserve.rest.controllers.RoomController.listRooms(java.lang.String)
Mapped "{[/api/room/{roomId}],methods=[GET]}" onto public org.springframework.http.ResponseEntity<com.ucrisko.libroomreserve.rest.resources.RoomResource> com.ucrisko.libroomreserve.rest.controllers.RoomController.getRoom(java.lang.Long)
Mapped "{[/api/room/{roomId}],methods=[DELETE]}" onto public org.springframework.http.ResponseEntity<com.ucrisko.libroomreserve.rest.resources.RoomResource> com.ucrisko.libroomreserve.rest.controllers.RoomController.deleteUser(java.lang.Long)
Looking for @ControllerAdvice: org.springframework.test.web.servlet.setup.StubWebApplicationContext@6eceb130
Looking for exception mappings: org.springframework.test.web.servlet.setup.StubWebApplicationContext@6eceb130
Initializing servlet ''
Adding [servletConfigInitParams] PropertySource with lowest search precedence
Adding [servletContextInitParams] PropertySource with lowest search precedence
Adding [systemProperties] PropertySource with lowest search precedence
Adding [systemEnvironment] PropertySource with lowest search precedence
Initialized StandardServletEnvironment with PropertySources [servletConfigInitParams,servletContextInitParams,systemProperties,systemEnvironment]
Initializing Spring FrameworkServlet ''
FrameworkServlet '': initialization started
Unable to locate MultipartResolver with name 'multipartResolver': no multipart request handling provided
Using LocaleResolver [org.springframework.web.servlet.i18n.AcceptHeaderLocaleResolver@62727399]
Using ThemeResolver [org.springframework.web.servlet.theme.FixedThemeResolver@4d9ac0b4]
Using RequestToViewNameTranslator [org.springframework.web.servlet.view.DefaultRequestToViewNameTranslator@130dca52]
Using FlashMapManager [org.springframework.web.servlet.support.SessionFlashMapManager@2654635]
Published WebApplicationContext of servlet '' as ServletContext attribute with name [org.springframework.web.servlet.FrameworkServlet.CONTEXT.]
FrameworkServlet '': initialization completed in 4 ms
Servlet '' configured successfully
DispatcherServlet with name '' processing GET request for [/api/room]
Looking up handler method for path /api/room
Returning handler method [public org.springframework.http.ResponseEntity<com.ucrisko.libroomreserve.rest.resources.RoomListResource> com.ucrisko.libroomreserve.rest.controllers.RoomController.listRooms(java.lang.String)]
Last-Modified value for [/api/room] is: -1
Written [links: []] as "application/json;charset=UTF-8" using [org.springframework.http.converter.json.MappingJackson2HttpMessageConverter@4de41af9]
Null ModelAndView returned to DispatcherServlet with name '': assuming HandlerAdapter completed request handling
Successfully completed request
Adding [systemProperties] PropertySource with lowest search precedence
Adding [systemEnvironment] PropertySource with lowest search precedence
Initialized StandardEnvironment with PropertySources [systemProperties,systemEnvironment]
Mapped "{[/test],methods=[POST]}" onto public unitTestTutorials.BlogEntry unitTestTutorials.BlogEntryController.postTest(unitTestTutorials.BlogEntry)
Mapped "{[/test],methods=[GET]}" onto public unitTestTutorials.BlogEntry unitTestTutorials.BlogEntryController.getTest()
Looking for @ControllerAdvice: org.springframework.test.web.servlet.setup.StubWebApplicationContext@5b64c4b7
Looking for exception mappings: org.springframework.test.web.servlet.setup.StubWebApplicationContext@5b64c4b7
Initializing servlet ''
Adding [servletConfigInitParams] PropertySource with lowest search precedence
Adding [servletContextInitParams] PropertySource with lowest search precedence
Adding [systemProperties] PropertySource with lowest search precedence
Adding [systemEnvironment] PropertySource with lowest search precedence
Initialized StandardServletEnvironment with PropertySources [servletConfigInitParams,servletContextInitParams,systemProperties,systemEnvironment]
Initializing Spring FrameworkServlet ''
FrameworkServlet '': initialization started
Unable to locate MultipartResolver with name 'multipartResolver': no multipart request handling provided
Using LocaleResolver [org.springframework.web.servlet.i18n.AcceptHeaderLocaleResolver@2dbf4cbd]
Using ThemeResolver [org.springframework.web.servlet.theme.FixedThemeResolver@20b5f2ac]
Using RequestToViewNameTranslator [org.springframework.web.servlet.view.DefaultRequestToViewNameTranslator@7fc44dec]
Using FlashMapManager [org.springframework.web.servlet.support.SessionFlashMapManager@7e3060d8]
Published WebApplicationContext of servlet '' as ServletContext attribute with name [org.springframework.web.servlet.FrameworkServlet.CONTEXT.]
FrameworkServlet '': initialization completed in 0 ms
Servlet '' configured successfully
DispatcherServlet with name '' processing GET request for [/test]
Looking up handler method for path /test
Returning handler method [public unitTestTutorials.BlogEntry unitTestTutorials.BlogEntryController.getTest()]
Last-Modified value for [/test] is: -1
Written [unitTestTutorials.BlogEntry@62fad19] as "application/json;charset=UTF-8" using [org.springframework.http.converter.json.MappingJackson2HttpMessageConverter@47dbb1e2]
Null ModelAndView returned to DispatcherServlet with name '': assuming HandlerAdapter completed request handling
Successfully completed request
